<?xml version="1.0" encoding="UTF-8"?>
<!-- Generated by org.testng.reporters.JUnitReportReporter -->
<testsuite hostname="Vaishking" failures="0" tests="2" name="TestVagrant.Pushpa_The_Rise.TestPusha_The_Rise" time="0.129" errors="0" timestamp="2022-07-25T15:24:20 IST" skipped="0">
  <testcase classname="TestVagrant.Pushpa_The_Rise.TestPusha_The_Rise" name="GetCountryofOrigin" time="0.047"/>
  <system-out/>
  <testcase classname="TestVagrant.Pushpa_The_Rise.TestPusha_The_Rise" name="GetReleaseDate" time="0.082"/>
  <system-out/>
</testsuite> <!-- TestVagrant.Pushpa_The_Rise.TestPusha_The_Rise -->
