<?xml version="1.0" encoding="UTF-8"?>
<!-- Generated by org.testng.reporters.JUnitReportReporter -->
<testsuite hostname="Vaishking" failures="0" tests="2" name="TestVagrant.Pushpa_The_Rise.TestPusha_The_Rise" time="0.114" errors="0" timestamp="25 Jul 2022 09:51:31 GMT" skipped="0">
  <testcase classname="TestVagrant.Pushpa_The_Rise.TestPusha_The_Rise" name="GetReleaseDate" time="0.037"/>
  <testcase classname="TestVagrant.Pushpa_The_Rise.TestPusha_The_Rise" name="GetCountryofOrigin" time="0.077"/>
</testsuite> <!-- TestVagrant.Pushpa_The_Rise.TestPusha_The_Rise -->
